Determining if the pthread_create exist failed with the following output:
Change Dir: /home/iclab/libmodbus/build/CMakeFiles/CMakeTmp

Run Build Command:"/usr/bin/make" "cmTC_faaf5/fast"
/usr/bin/make -f CMakeFiles/cmTC_faaf5.dir/build.make CMakeFiles/cmTC_faaf5.dir/build
make[1]: Entering directory '/home/iclab/libmodbus/build/CMakeFiles/CMakeTmp'
Building C object CMakeFiles/cmTC_faaf5.dir/CheckSymbolExists.c.o
/usr/bin/cc    -o CMakeFiles/cmTC_faaf5.dir/CheckSymbolExists.c.o   -c /home/iclab/libmodbus/build/CMakeFiles/CMakeTmp/CheckSymbolExists.c
Linking C executable cmTC_faaf5
/usr/bin/cmake -E cmake_link_script CMakeFiles/cmTC_faaf5.dir/link.txt --verbose=1
/usr/bin/cc      -rdynamic CMakeFiles/cmTC_faaf5.dir/CheckSymbolExists.c.o  -o cmTC_faaf5 
CMakeFiles/cmTC_faaf5.dir/CheckSymbolExists.c.o: In function `main':
CheckSymbolExists.c:(.text+0x1b): undefined reference to `pthread_create'
collect2: error: ld returned 1 exit status
CMakeFiles/cmTC_faaf5.dir/build.make:97: recipe for target 'cmTC_faaf5' failed
make[1]: *** [cmTC_faaf5] Error 1
make[1]: Leaving directory '/home/iclab/libmodbus/build/CMakeFiles/CMakeTmp'
Makefile:126: recipe for target 'cmTC_faaf5/fast' failed
make: *** [cmTC_faaf5/fast] Error 2

File /home/iclab/libmodbus/build/CMakeFiles/CMakeTmp/CheckSymbolExists.c:
/* */
#include <pthread.h>

int main(int argc, char** argv)
{
  (void)argv;
#ifndef pthread_create
  return ((int*)(&pthread_create))[argc];
#else
  (void)argc;
  return 0;
#endif
}

Determining if the function pthread_create exists in the pthreads failed with the following output:
Change Dir: /home/iclab/libmodbus/build/CMakeFiles/CMakeTmp

Run Build Command:"/usr/bin/make" "cmTC_7008c/fast"
/usr/bin/make -f CMakeFiles/cmTC_7008c.dir/build.make CMakeFiles/cmTC_7008c.dir/build
make[1]: Entering directory '/home/iclab/libmodbus/build/CMakeFiles/CMakeTmp'
Building C object CMakeFiles/cmTC_7008c.dir/CheckFunctionExists.c.o
/usr/bin/cc   -DCHECK_FUNCTION_EXISTS=pthread_create   -o CMakeFiles/cmTC_7008c.dir/CheckFunctionExists.c.o   -c /usr/share/cmake-3.10/Modules/CheckFunctionExists.c
Linking C executable cmTC_7008c
/usr/bin/cmake -E cmake_link_script CMakeFiles/cmTC_7008c.dir/link.txt --verbose=1
/usr/bin/cc  -DCHECK_FUNCTION_EXISTS=pthread_create    -rdynamic CMakeFiles/cmTC_7008c.dir/CheckFunctionExists.c.o  -o cmTC_7008c -lpthreads 
/usr/bin/ld: cannot find -lpthreads
collect2: error: ld returned 1 exit status
CMakeFiles/cmTC_7008c.dir/build.make:97: recipe for target 'cmTC_7008c' failed
make[1]: *** [cmTC_7008c] Error 1
make[1]: Leaving directory '/home/iclab/libmodbus/build/CMakeFiles/CMakeTmp'
Makefile:126: recipe for target 'cmTC_7008c/fast' failed
make: *** [cmTC_7008c/fast] Error 2


